<?xml version="1.0" encoding="UTF-8"?>
<testsuite xmlns:xsi="http://www.w3.org/2001/XMLSchema-instance" xsi:noNamespaceSchemaLocation="https://maven.apache.org/surefire/maven-surefire-plugin/xsd/surefire-test-report-3.0.xsd" version="3.0" name="com.retail.loyalty.LoyaltyApplicationTests" time="2.38" tests="1" errors="0" skipped="0" failures="0">
  <properties>
[...]
</properties>
  <testcase name="contextLoads" classname="com.retail.loyalty.LoyaltyApplicationTests" time="0.502">
    <system-out><![CDATA[08:28:47.007 [main] INFO org.springframework.test.context.support.AnnotationConfigContextLoaderUtils -- Could not detect default configuration classes for test class [com.retail.loyalty.LoyaltyApplicationTests]: LoyaltyApplicationTests does not declare any static, non-private, non-final, nested classes annotated with @Configuration.
08:28:47.072 [main] INFO org.springframework.boot.test.context.SpringBootTestContextBootstrapper -- Found @SpringBootConfiguration com.retail.loyalty.LoyaltyApplication for test class com.retail.loyalty.LoyaltyApplicationTests

  .   ____          _            __ _ _
 /\\ / ___'_ __ _ _(_)_ __  __ _ \ \ \ \
( ( )\___ | '_ | '_| | '_ \/ _` | \ \ \ \
 \\/  ___)| |_)| | | | | || (_| |  ) ) ) )
  '  |____| .__|_| |_|_| |_\__, | / / / /
 =========|_|==============|___/=/_/_/_/

 :: Spring Boot ::                (v3.3.3)

2024-09-02T08:28:47.276+05:00  INFO 20287 --- [loyalty] [           main] c.r.loyalty.LoyaltyApplicationTests      : Starting LoyaltyApplicationTests using Java 21.0.3 with PID 20287 (started by saeediqbal in /Users/saeediqbal/IdeaProjects/loyalty/backend)
2024-09-02T08:28:47.277+05:00  INFO 20287 --- [loyalty] [           main] c.r.loyalty.LoyaltyApplicationTests      : No active profile set, falling back to 1 default profile: "default"
2024-09-02T08:28:47.706+05:00  INFO 20287 --- [loyalty] [           main] .s.d.r.c.RepositoryConfigurationDelegate : Bootstrapping Spring Data R2DBC repositories in DEFAULT mode.
2024-09-02T08:28:47.796+05:00  INFO 20287 --- [loyalty] [           main] .s.d.r.c.RepositoryConfigurationDelegate : Finished Spring Data repository scanning in 87 ms. Found 6 R2DBC repository interfaces.
2024-09-02T08:28:48.774+05:00  INFO 20287 --- [loyalty] [           main] c.r.loyalty.LoyaltyApplicationTests      : Started LoyaltyApplicationTests in 1.626 seconds (process running for 2.162)
]]></system-out>
    <system-err><![CDATA[WARNING: A Java agent has been loaded dynamically (/Users/saeediqbal/.m2/repository/net/bytebuddy/byte-buddy-agent/1.14.19/byte-buddy-agent-1.14.19.jar)
WARNING: If a serviceability tool is in use, please run with -XX:+EnableDynamicAgentLoading to hide this warning
WARNING: If a serviceability tool is not in use, please run with -Djdk.instrument.traceUsage for more information
WARNING: Dynamic loading of agents will be disallowed by default in a future release
]]></system-err>
  </testcase>
</testsuite>